Build started 3/11/2018 8:47:28 PM.
     1>Project "C:\Users\josef\Documents\Visual Studio 2010\Projects\gg\test3113\test3113\test3113.vcxproj" on node 2 (build target(s)).
     1>InitializeBuildStatus:
         Creating "Debug\test3113.unsuccessfulbuild" because "AlwaysCreate" was specified.
       ClCompile:
         c:\Program Files (x86)\Microsoft Visual Studio 10.0\VC\bin\CL.exe /c /ZI /nologo /W3 /WX- /Od /Oy- /D _MBCS /Gm /EHsc /RTC1 /MDd /GS /fp:precise /Zc:wchar_t /Zc:forScope /Fo"Debug\\" /Fd"Debug\vc100.pdb" /Gd /TP /analyze- /errorReport:prompt testing.cpp
         testing.cpp
     1>c:\users\josef\documents\visual studio 2010\projects\gg\test3113\test3113\testing.cpp(1103): error C2552: 'delimiters' : non-aggregates cannot be initialized with initializer list
                 'std::vector<_Ty>' : Types with a base are not aggregate
                 with
                 [
                     _Ty=char
                 ]
     1>Done Building Project "C:\Users\josef\Documents\Visual Studio 2010\Projects\gg\test3113\test3113\test3113.vcxproj" (build target(s)) -- FAILED.

Build FAILED.

Time Elapsed 00:00:00.56
